[2023-08-28 07:13:26] local.ERROR: Trait "Chatify\Traits\UUID" not found {"exception":"[object] (Symfony\\Component\\ErrorHandler\\Error\\FatalError(code: 0): Trait \"Chatify\\Traits\\UUID\" not found at E:\\Theallsif-astro\\app\\Models\\ChFavorite.php:8)
[stacktrace]
#0 {main}
"} 
[2023-08-28 07:14:25] local.ERROR: Trait "Chatify\Traits\UUID" not found {"exception":"[object] (Symfony\\Component\\ErrorHandler\\Error\\FatalError(code: 0): Trait \"Chatify\\Traits\\UUID\" not found at E:\\Theallsif-astro\\app\\Models\\ChFavorite.php:8)
[stacktrace]
#0 {main}
"} 
[2023-08-28 07:15:25] local.ERROR: Trait "Chatify\Traits\UUID" not found {"exception":"[object] (Symfony\\Component\\ErrorHandler\\Error\\FatalError(code: 0): Trait \"Chatify\\Traits\\UUID\" not found at E:\\Theallsif-astro\\app\\Models\\ChFavorite.php:8)
[stacktrace]
#0 {main}
"} 
[2023-08-28 07:16:08] local.ERROR: Maximum execution time of 60 seconds exceeded {"exception":"[object] (Symfony\\Component\\ErrorHandler\\Error\\FatalError(code: 0): Maximum execution time of 60 seconds exceeded at E:\\Theallsif-astro\\vendor\\laravel\\framework\\src\\Illuminate\\Database\\Connectors\\Connector.php:45)
[stacktrace]
#0 {main}
"} 
[2023-08-28 07:16:25] local.ERROR: Trait "Chatify\Traits\UUID" not found {"exception":"[object] (Symfony\\Component\\ErrorHandler\\Error\\FatalError(code: 0): Trait \"Chatify\\Traits\\UUID\" not found at E:\\Theallsif-astro\\app\\Models\\ChFavorite.php:8)
[stacktrace]
#0 {main}
"} 
[2023-08-28 07:17:26] local.ERROR: Trait "Chatify\Traits\UUID" not found {"exception":"[object] (Symfony\\Component\\ErrorHandler\\Error\\FatalError(code: 0): Trait \"Chatify\\Traits\\UUID\" not found at E:\\Theallsif-astro\\app\\Models\\ChFavorite.php:8)
[stacktrace]
#0 {main}
"} 
[2023-08-28 07:18:25] local.ERROR: Trait "Chatify\Traits\UUID" not found {"exception":"[object] (Symfony\\Component\\ErrorHandler\\Error\\FatalError(code: 0): Trait \"Chatify\\Traits\\UUID\" not found at E:\\Theallsif-astro\\app\\Models\\ChFavorite.php:8)
[stacktrace]
#0 {main}
"} 
[2023-08-28 07:19:25] local.ERROR: Trait "Chatify\Traits\UUID" not found {"exception":"[object] (Symfony\\Component\\ErrorHandler\\Error\\FatalError(code: 0): Trait \"Chatify\\Traits\\UUID\" not found at E:\\Theallsif-astro\\app\\Models\\ChFavorite.php:8)
[stacktrace]
#0 {main}
"} 
[2023-08-28 07:20:25] local.ERROR: Trait "Chatify\Traits\UUID" not found {"exception":"[object] (Symfony\\Component\\ErrorHandler\\Error\\FatalError(code: 0): Trait \"Chatify\\Traits\\UUID\" not found at E:\\Theallsif-astro\\app\\Models\\ChFavorite.php:8)
[stacktrace]
#0 {main}
"} 
[2023-08-28 07:21:25] local.ERROR: Trait "Chatify\Traits\UUID" not found {"exception":"[object] (Symfony\\Component\\ErrorHandler\\Error\\FatalError(code: 0): Trait \"Chatify\\Traits\\UUID\" not found at E:\\Theallsif-astro\\app\\Models\\ChFavorite.php:8)
[stacktrace]
#0 {main}
"} 
[2023-08-28 07:22:25] local.ERROR: Trait "Chatify\Traits\UUID" not found {"exception":"[object] (Symfony\\Component\\ErrorHandler\\Error\\FatalError(code: 0): Trait \"Chatify\\Traits\\UUID\" not found at E:\\Theallsif-astro\\app\\Models\\ChFavorite.php:8)
[stacktrace]
#0 {main}
"} 
[2023-08-28 07:23:25] local.ERROR: Trait "Chatify\Traits\UUID" not found {"exception":"[object] (Symfony\\Component\\ErrorHandler\\Error\\FatalError(code: 0): Trait \"Chatify\\Traits\\UUID\" not found at E:\\Theallsif-astro\\app\\Models\\ChFavorite.php:8)
[stacktrace]
#0 {main}
"} 
[2023-08-28 07:24:25] local.ERROR: Trait "Chatify\Traits\UUID" not found {"exception":"[object] (Symfony\\Component\\ErrorHandler\\Error\\FatalError(code: 0): Trait \"Chatify\\Traits\\UUID\" not found at E:\\Theallsif-astro\\app\\Models\\ChFavorite.php:8)
[stacktrace]
#0 {main}
"} 
[2023-08-28 07:25:25] local.ERROR: Trait "Chatify\Traits\UUID" not found {"exception":"[object] (Symfony\\Component\\ErrorHandler\\Error\\FatalError(code: 0): Trait \"Chatify\\Traits\\UUID\" not found at E:\\Theallsif-astro\\app\\Models\\ChFavorite.php:8)
[stacktrace]
#0 {main}
"} 
[2023-08-28 07:26:25] local.ERROR: Trait "Chatify\Traits\UUID" not found {"exception":"[object] (Symfony\\Component\\ErrorHandler\\Error\\FatalError(code: 0): Trait \"Chatify\\Traits\\UUID\" not found at E:\\Theallsif-astro\\app\\Models\\ChFavorite.php:8)
[stacktrace]
#0 {main}
"} 
[2023-08-28 07:27:25] local.ERROR: Trait "Chatify\Traits\UUID" not found {"exception":"[object] (Symfony\\Component\\ErrorHandler\\Error\\FatalError(code: 0): Trait \"Chatify\\Traits\\UUID\" not found at E:\\Theallsif-astro\\app\\Models\\ChFavorite.php:8)
[stacktrace]
#0 {main}
"} 
[2023-08-28 07:28:25] local.ERROR: Trait "Chatify\Traits\UUID" not found {"exception":"[object] (Symfony\\Component\\ErrorHandler\\Error\\FatalError(code: 0): Trait \"Chatify\\Traits\\UUID\" not found at E:\\Theallsif-astro\\app\\Models\\ChFavorite.php:8)
[stacktrace]
#0 {main}
"} 
[2023-08-28 07:29:25] local.ERROR: Trait "Chatify\Traits\UUID" not found {"exception":"[object] (Symfony\\Component\\ErrorHandler\\Error\\FatalError(code: 0): Trait \"Chatify\\Traits\\UUID\" not found at E:\\Theallsif-astro\\app\\Models\\ChFavorite.php:8)
[stacktrace]
#0 {main}
"} 
[2023-08-28 07:30:25] local.ERROR: Trait "Chatify\Traits\UUID" not found {"exception":"[object] (Symfony\\Component\\ErrorHandler\\Error\\FatalError(code: 0): Trait \"Chatify\\Traits\\UUID\" not found at E:\\Theallsif-astro\\app\\Models\\ChFavorite.php:8)
[stacktrace]
#0 {main}
"} 
[2023-08-28 07:31:25] local.ERROR: Trait "Chatify\Traits\UUID" not found {"exception":"[object] (Symfony\\Component\\ErrorHandler\\Error\\FatalError(code: 0): Trait \"Chatify\\Traits\\UUID\" not found at E:\\Theallsif-astro\\app\\Models\\ChFavorite.php:8)
[stacktrace]
#0 {main}
"} 
[2023-08-28 07:32:25] local.ERROR: Trait "Chatify\Traits\UUID" not found {"exception":"[object] (Symfony\\Component\\ErrorHandler\\Error\\FatalError(code: 0): Trait \"Chatify\\Traits\\UUID\" not found at E:\\Theallsif-astro\\app\\Models\\ChFavorite.php:8)
[stacktrace]
#0 {main}
"} 
[2023-08-28 07:33:26] local.ERROR: Trait "Chatify\Traits\UUID" not found {"exception":"[object] (Symfony\\Component\\ErrorHandler\\Error\\FatalError(code: 0): Trait \"Chatify\\Traits\\UUID\" not found at E:\\Theallsif-astro\\app\\Models\\ChFavorite.php:8)
[stacktrace]
#0 {main}
"} 
[2023-08-28 07:34:25] local.ERROR: Trait "Chatify\Traits\UUID" not found {"exception":"[object] (Symfony\\Component\\ErrorHandler\\Error\\FatalError(code: 0): Trait \"Chatify\\Traits\\UUID\" not found at E:\\Theallsif-astro\\app\\Models\\ChFavorite.php:8)
[stacktrace]
#0 {main}
"} 
[2023-08-28 07:35:25] local.ERROR: Trait "Chatify\Traits\UUID" not found {"exception":"[object] (Symfony\\Component\\ErrorHandler\\Error\\FatalError(code: 0): Trait \"Chatify\\Traits\\UUID\" not found at E:\\Theallsif-astro\\app\\Models\\ChFavorite.php:8)
[stacktrace]
#0 {main}
"} 
[2023-08-28 07:36:25] local.ERROR: Trait "Chatify\Traits\UUID" not found {"exception":"[object] (Symfony\\Component\\ErrorHandler\\Error\\FatalError(code: 0): Trait \"Chatify\\Traits\\UUID\" not found at E:\\Theallsif-astro\\app\\Models\\ChFavorite.php:8)
[stacktrace]
#0 {main}
"} 
[2023-08-28 07:37:25] local.ERROR: Trait "Chatify\Traits\UUID" not found {"exception":"[object] (Symfony\\Component\\ErrorHandler\\Error\\FatalError(code: 0): Trait \"Chatify\\Traits\\UUID\" not found at E:\\Theallsif-astro\\app\\Models\\ChFavorite.php:8)
[stacktrace]
#0 {main}
"} 
[2023-08-28 07:38:25] local.ERROR: Trait "Chatify\Traits\UUID" not found {"exception":"[object] (Symfony\\Component\\ErrorHandler\\Error\\FatalError(code: 0): Trait \"Chatify\\Traits\\UUID\" not found at E:\\Theallsif-astro\\app\\Models\\ChFavorite.php:8)
[stacktrace]
#0 {main}
"} 
[2023-08-28 07:39:26] local.ERROR: Trait "Chatify\Traits\UUID" not found {"exception":"[object] (Symfony\\Component\\ErrorHandler\\Error\\FatalError(code: 0): Trait \"Chatify\\Traits\\UUID\" not found at E:\\Theallsif-astro\\app\\Models\\ChFavorite.php:8)
[stacktrace]
#0 {main}
"} 
[2023-08-28 07:40:25] local.ERROR: Trait "Chatify\Traits\UUID" not found {"exception":"[object] (Symfony\\Component\\ErrorHandler\\Error\\FatalError(code: 0): Trait \"Chatify\\Traits\\UUID\" not found at E:\\Theallsif-astro\\app\\Models\\ChFavorite.php:8)
[stacktrace]
#0 {main}
"} 
[2023-08-28 07:41:25] local.ERROR: Trait "Chatify\Traits\UUID" not found {"exception":"[object] (Symfony\\Component\\ErrorHandler\\Error\\FatalError(code: 0): Trait \"Chatify\\Traits\\UUID\" not found at E:\\Theallsif-astro\\app\\Models\\ChFavorite.php:8)
[stacktrace]
#0 {main}
"} 
[2023-08-28 07:42:25] local.ERROR: Trait "Chatify\Traits\UUID" not found {"exception":"[object] (Symfony\\Component\\ErrorHandler\\Error\\FatalError(code: 0): Trait \"Chatify\\Traits\\UUID\" not found at E:\\Theallsif-astro\\app\\Models\\ChFavorite.php:8)
[stacktrace]
#0 {main}
"} 
[2023-08-28 07:43:26] local.ERROR: Trait "Chatify\Traits\UUID" not found {"exception":"[object] (Symfony\\Component\\ErrorHandler\\Error\\FatalError(code: 0): Trait \"Chatify\\Traits\\UUID\" not found at E:\\Theallsif-astro\\app\\Models\\ChFavorite.php:8)
[stacktrace]
#0 {main}
"} 
[2023-08-28 07:44:25] local.ERROR: Trait "Chatify\Traits\UUID" not found {"exception":"[object] (Symfony\\Component\\ErrorHandler\\Error\\FatalError(code: 0): Trait \"Chatify\\Traits\\UUID\" not found at E:\\Theallsif-astro\\app\\Models\\ChFavorite.php:8)
[stacktrace]
#0 {main}
"} 
[2023-08-28 07:45:25] local.ERROR: Trait "Chatify\Traits\UUID" not found {"exception":"[object] (Symfony\\Component\\ErrorHandler\\Error\\FatalError(code: 0): Trait \"Chatify\\Traits\\UUID\" not found at E:\\Theallsif-astro\\app\\Models\\ChFavorite.php:8)
[stacktrace]
#0 {main}
"} 
[2023-08-28 07:46:26] local.ERROR: Trait "Chatify\Traits\UUID" not found {"exception":"[object] (Symfony\\Component\\ErrorHandler\\Error\\FatalError(code: 0): Trait \"Chatify\\Traits\\UUID\" not found at E:\\Theallsif-astro\\app\\Models\\ChFavorite.php:8)
[stacktrace]
#0 {main}
"} 
[2023-08-28 07:47:26] local.ERROR: Trait "Chatify\Traits\UUID" not found {"exception":"[object] (Symfony\\Component\\ErrorHandler\\Error\\FatalError(code: 0): Trait \"Chatify\\Traits\\UUID\" not found at E:\\Theallsif-astro\\app\\Models\\ChFavorite.php:8)
[stacktrace]
#0 {main}
"} 
[2023-08-28 07:48:26] local.ERROR: Trait "Chatify\Traits\UUID" not found {"exception":"[object] (Symfony\\Component\\ErrorHandler\\Error\\FatalError(code: 0): Trait \"Chatify\\Traits\\UUID\" not found at E:\\Theallsif-astro\\app\\Models\\ChFavorite.php:8)
[stacktrace]
#0 {main}
"} 
[2023-08-28 07:49:26] local.ERROR: Trait "Chatify\Traits\UUID" not found {"exception":"[object] (Symfony\\Component\\ErrorHandler\\Error\\FatalError(code: 0): Trait \"Chatify\\Traits\\UUID\" not found at E:\\Theallsif-astro\\app\\Models\\ChFavorite.php:8)
[stacktrace]
#0 {main}
"} 
[2023-08-28 07:50:26] local.ERROR: Trait "Chatify\Traits\UUID" not found {"exception":"[object] (Symfony\\Component\\ErrorHandler\\Error\\FatalError(code: 0): Trait \"Chatify\\Traits\\UUID\" not found at E:\\Theallsif-astro\\app\\Models\\ChFavorite.php:8)
[stacktrace]
#0 {main}
"} 
[2023-08-28 07:51:26] local.ERROR: Trait "Chatify\Traits\UUID" not found {"exception":"[object] (Symfony\\Component\\ErrorHandler\\Error\\FatalError(code: 0): Trait \"Chatify\\Traits\\UUID\" not found at E:\\Theallsif-astro\\app\\Models\\ChFavorite.php:8)
[stacktrace]
#0 {main}
"} 
[2023-08-28 07:52:26] local.ERROR: Trait "Chatify\Traits\UUID" not found {"exception":"[object] (Symfony\\Component\\ErrorHandler\\Error\\FatalError(code: 0): Trait \"Chatify\\Traits\\UUID\" not found at E:\\Theallsif-astro\\app\\Models\\ChFavorite.php:8)
[stacktrace]
#0 {main}
"} 
[2023-08-28 07:53:26] local.ERROR: Trait "Chatify\Traits\UUID" not found {"exception":"[object] (Symfony\\Component\\ErrorHandler\\Error\\FatalError(code: 0): Trait \"Chatify\\Traits\\UUID\" not found at E:\\Theallsif-astro\\app\\Models\\ChFavorite.php:8)
[stacktrace]
#0 {main}
"} 
[2023-08-28 07:54:26] local.ERROR: Trait "Chatify\Traits\UUID" not found {"exception":"[object] (Symfony\\Component\\ErrorHandler\\Error\\FatalError(code: 0): Trait \"Chatify\\Traits\\UUID\" not found at E:\\Theallsif-astro\\app\\Models\\ChFavorite.php:8)
[stacktrace]
#0 {main}
"} 
[2023-08-28 07:55:26] local.ERROR: Trait "Chatify\Traits\UUID" not found {"exception":"[object] (Symfony\\Component\\ErrorHandler\\Error\\FatalError(code: 0): Trait \"Chatify\\Traits\\UUID\" not found at E:\\Theallsif-astro\\app\\Models\\ChFavorite.php:8)
[stacktrace]
#0 {main}
"} 
[2023-08-28 07:56:26] local.ERROR: Trait "Chatify\Traits\UUID" not found {"exception":"[object] (Symfony\\Component\\ErrorHandler\\Error\\FatalError(code: 0): Trait \"Chatify\\Traits\\UUID\" not found at E:\\Theallsif-astro\\app\\Models\\ChFavorite.php:8)
[stacktrace]
#0 {main}
"} 
[2023-08-28 07:57:26] local.ERROR: Trait "Chatify\Traits\UUID" not found {"exception":"[object] (Symfony\\Component\\ErrorHandler\\Error\\FatalError(code: 0): Trait \"Chatify\\Traits\\UUID\" not found at E:\\Theallsif-astro\\app\\Models\\ChFavorite.php:8)
[stacktrace]
#0 {main}
"} 
[2023-08-28 07:58:26] local.ERROR: Trait "Chatify\Traits\UUID" not found {"exception":"[object] (Symfony\\Component\\ErrorHandler\\Error\\FatalError(code: 0): Trait \"Chatify\\Traits\\UUID\" not found at E:\\Theallsif-astro\\app\\Models\\ChFavorite.php:8)
[stacktrace]
#0 {main}
"} 
[2023-08-28 07:59:26] local.ERROR: Trait "Chatify\Traits\UUID" not found {"exception":"[object] (Symfony\\Component\\ErrorHandler\\Error\\FatalError(code: 0): Trait \"Chatify\\Traits\\UUID\" not found at E:\\Theallsif-astro\\app\\Models\\ChFavorite.php:8)
[stacktrace]
#0 {main}
"} 
[2023-08-28 08:00:26] local.ERROR: Trait "Chatify\Traits\UUID" not found {"exception":"[object] (Symfony\\Component\\ErrorHandler\\Error\\FatalError(code: 0): Trait \"Chatify\\Traits\\UUID\" not found at E:\\Theallsif-astro\\app\\Models\\ChFavorite.php:8)
[stacktrace]
#0 {main}
"} 
[2023-08-28 08:01:26] local.ERROR: Trait "Chatify\Traits\UUID" not found {"exception":"[object] (Symfony\\Component\\ErrorHandler\\Error\\FatalError(code: 0): Trait \"Chatify\\Traits\\UUID\" not found at E:\\Theallsif-astro\\app\\Models\\ChFavorite.php:8)
[stacktrace]
#0 {main}
"} 
[2023-08-28 08:02:26] local.ERROR: Trait "Chatify\Traits\UUID" not found {"exception":"[object] (Symfony\\Component\\ErrorHandler\\Error\\FatalError(code: 0): Trait \"Chatify\\Traits\\UUID\" not found at E:\\Theallsif-astro\\app\\Models\\ChFavorite.php:8)
[stacktrace]
#0 {main}
"} 
[2023-08-28 08:03:26] local.ERROR: Trait "Chatify\Traits\UUID" not found {"exception":"[object] (Symfony\\Component\\ErrorHandler\\Error\\FatalError(code: 0): Trait \"Chatify\\Traits\\UUID\" not found at E:\\Theallsif-astro\\app\\Models\\ChFavorite.php:8)
[stacktrace]
#0 {main}
"} 
[2023-08-28 08:04:26] local.ERROR: Trait "Chatify\Traits\UUID" not found {"exception":"[object] (Symfony\\Component\\ErrorHandler\\Error\\FatalError(code: 0): Trait \"Chatify\\Traits\\UUID\" not found at E:\\Theallsif-astro\\app\\Models\\ChFavorite.php:8)
[stacktrace]
#0 {main}
"} 
[2023-08-28 08:05:26] local.ERROR: Trait "Chatify\Traits\UUID" not found {"exception":"[object] (Symfony\\Component\\ErrorHandler\\Error\\FatalError(code: 0): Trait \"Chatify\\Traits\\UUID\" not found at E:\\Theallsif-astro\\app\\Models\\ChFavorite.php:8)
[stacktrace]
#0 {main}
"} 
[2023-08-28 08:06:26] local.ERROR: Trait "Chatify\Traits\UUID" not found {"exception":"[object] (Symfony\\Component\\ErrorHandler\\Error\\FatalError(code: 0): Trait \"Chatify\\Traits\\UUID\" not found at E:\\Theallsif-astro\\app\\Models\\ChFavorite.php:8)
[stacktrace]
#0 {main}
"} 
[2023-08-28 08:07:26] local.ERROR: Trait "Chatify\Traits\UUID" not found {"exception":"[object] (Symfony\\Component\\ErrorHandler\\Error\\FatalError(code: 0): Trait \"Chatify\\Traits\\UUID\" not found at E:\\Theallsif-astro\\app\\Models\\ChFavorite.php:8)
[stacktrace]
#0 {main}
"} 
[2023-08-28 08:08:26] local.ERROR: Trait "Chatify\Traits\UUID" not found {"exception":"[object] (Symfony\\Component\\ErrorHandler\\Error\\FatalError(code: 0): Trait \"Chatify\\Traits\\UUID\" not found at E:\\Theallsif-astro\\app\\Models\\ChFavorite.php:8)
[stacktrace]
#0 {main}
"} 
[2023-08-28 08:09:26] local.ERROR: Trait "Chatify\Traits\UUID" not found {"exception":"[object] (Symfony\\Component\\ErrorHandler\\Error\\FatalError(code: 0): Trait \"Chatify\\Traits\\UUID\" not found at E:\\Theallsif-astro\\app\\Models\\ChFavorite.php:8)
[stacktrace]
#0 {main}
"} 
[2023-08-28 08:10:26] local.ERROR: Trait "Chatify\Traits\UUID" not found {"exception":"[object] (Symfony\\Component\\ErrorHandler\\Error\\FatalError(code: 0): Trait \"Chatify\\Traits\\UUID\" not found at E:\\Theallsif-astro\\app\\Models\\ChFavorite.php:8)
[stacktrace]
#0 {main}
"} 
[2023-08-28 08:11:26] local.ERROR: Trait "Chatify\Traits\UUID" not found {"exception":"[object] (Symfony\\Component\\ErrorHandler\\Error\\FatalError(code: 0): Trait \"Chatify\\Traits\\UUID\" not found at E:\\Theallsif-astro\\app\\Models\\ChFavorite.php:8)
[stacktrace]
#0 {main}
"} 
[2023-08-28 08:12:26] local.ERROR: Trait "Chatify\Traits\UUID" not found {"exception":"[object] (Symfony\\Component\\ErrorHandler\\Error\\FatalError(code: 0): Trait \"Chatify\\Traits\\UUID\" not found at E:\\Theallsif-astro\\app\\Models\\ChFavorite.php:8)
[stacktrace]
#0 {main}
"} 
[2023-08-28 08:13:26] local.ERROR: Trait "Chatify\Traits\UUID" not found {"exception":"[object] (Symfony\\Component\\ErrorHandler\\Error\\FatalError(code: 0): Trait \"Chatify\\Traits\\UUID\" not found at E:\\Theallsif-astro\\app\\Models\\ChFavorite.php:8)
[stacktrace]
#0 {main}
"} 
[2023-08-28 08:14:26] local.ERROR: Trait "Chatify\Traits\UUID" not found {"exception":"[object] (Symfony\\Component\\ErrorHandler\\Error\\FatalError(code: 0): Trait \"Chatify\\Traits\\UUID\" not found at E:\\Theallsif-astro\\app\\Models\\ChFavorite.php:8)
[stacktrace]
#0 {main}
"} 
[2023-08-28 08:15:26] local.ERROR: Trait "Chatify\Traits\UUID" not found {"exception":"[object] (Symfony\\Component\\ErrorHandler\\Error\\FatalError(code: 0): Trait \"Chatify\\Traits\\UUID\" not found at E:\\Theallsif-astro\\app\\Models\\ChFavorite.php:8)
[stacktrace]
#0 {main}
"} 
[2023-08-28 08:16:26] local.ERROR: Trait "Chatify\Traits\UUID" not found {"exception":"[object] (Symfony\\Component\\ErrorHandler\\Error\\FatalError(code: 0): Trait \"Chatify\\Traits\\UUID\" not found at E:\\Theallsif-astro\\app\\Models\\ChFavorite.php:8)
[stacktrace]
#0 {main}
"} 
[2023-08-28 08:17:26] local.ERROR: Trait "Chatify\Traits\UUID" not found {"exception":"[object] (Symfony\\Component\\ErrorHandler\\Error\\FatalError(code: 0): Trait \"Chatify\\Traits\\UUID\" not found at E:\\Theallsif-astro\\app\\Models\\ChFavorite.php:8)
[stacktrace]
#0 {main}
"} 
[2023-08-28 08:18:26] local.ERROR: Trait "Chatify\Traits\UUID" not found {"exception":"[object] (Symfony\\Component\\ErrorHandler\\Error\\FatalError(code: 0): Trait \"Chatify\\Traits\\UUID\" not found at E:\\Theallsif-astro\\app\\Models\\ChFavorite.php:8)
[stacktrace]
#0 {main}
"} 
[2023-08-28 08:19:26] local.ERROR: Trait "Chatify\Traits\UUID" not found {"exception":"[object] (Symfony\\Component\\ErrorHandler\\Error\\FatalError(code: 0): Trait \"Chatify\\Traits\\UUID\" not found at E:\\Theallsif-astro\\app\\Models\\ChFavorite.php:8)
[stacktrace]
#0 {main}
"} 
[2023-08-28 08:20:26] local.ERROR: Trait "Chatify\Traits\UUID" not found {"exception":"[object] (Symfony\\Component\\ErrorHandler\\Error\\FatalError(code: 0): Trait \"Chatify\\Traits\\UUID\" not found at E:\\Theallsif-astro\\app\\Models\\ChFavorite.php:8)
[stacktrace]
#0 {main}
"} 
[2023-08-28 08:21:26] local.ERROR: Trait "Chatify\Traits\UUID" not found {"exception":"[object] (Symfony\\Component\\ErrorHandler\\Error\\FatalError(code: 0): Trait \"Chatify\\Traits\\UUID\" not found at E:\\Theallsif-astro\\app\\Models\\ChFavorite.php:8)
[stacktrace]
#0 {main}
"} 
[2023-08-28 08:22:26] local.ERROR: Trait "Chatify\Traits\UUID" not found {"exception":"[object] (Symfony\\Component\\ErrorHandler\\Error\\FatalError(code: 0): Trait \"Chatify\\Traits\\UUID\" not found at E:\\Theallsif-astro\\app\\Models\\ChFavorite.php:8)
[stacktrace]
#0 {main}
"} 
[2023-08-28 08:23:26] local.ERROR: Trait "Chatify\Traits\UUID" not found {"exception":"[object] (Symfony\\Component\\ErrorHandler\\Error\\FatalError(code: 0): Trait \"Chatify\\Traits\\UUID\" not found at E:\\Theallsif-astro\\app\\Models\\ChFavorite.php:8)
[stacktrace]
#0 {main}
"} 
[2023-08-28 08:24:26] local.ERROR: Trait "Chatify\Traits\UUID" not found {"exception":"[object] (Symfony\\Component\\ErrorHandler\\Error\\FatalError(code: 0): Trait \"Chatify\\Traits\\UUID\" not found at E:\\Theallsif-astro\\app\\Models\\ChFavorite.php:8)
[stacktrace]
#0 {main}
"} 
[2023-08-28 08:25:26] local.ERROR: Trait "Chatify\Traits\UUID" not found {"exception":"[object] (Symfony\\Component\\ErrorHandler\\Error\\FatalError(code: 0): Trait \"Chatify\\Traits\\UUID\" not found at E:\\Theallsif-astro\\app\\Models\\ChFavorite.php:8)
[stacktrace]
#0 {main}
"} 
[2023-08-28 08:26:26] local.ERROR: Trait "Chatify\Traits\UUID" not found {"exception":"[object] (Symfony\\Component\\ErrorHandler\\Error\\FatalError(code: 0): Trait \"Chatify\\Traits\\UUID\" not found at E:\\Theallsif-astro\\app\\Models\\ChFavorite.php:8)
[stacktrace]
#0 {main}
"} 
[2023-08-28 08:27:26] local.ERROR: Trait "Chatify\Traits\UUID" not found {"exception":"[object] (Symfony\\Component\\ErrorHandler\\Error\\FatalError(code: 0): Trait \"Chatify\\Traits\\UUID\" not found at E:\\Theallsif-astro\\app\\Models\\ChFavorite.php:8)
[stacktrace]
#0 {main}
"} 
[2023-08-28 08:28:26] local.ERROR: Trait "Chatify\Traits\UUID" not found {"exception":"[object] (Symfony\\Component\\ErrorHandler\\Error\\FatalError(code: 0): Trait \"Chatify\\Traits\\UUID\" not found at E:\\Theallsif-astro\\app\\Models\\ChFavorite.php:8)
[stacktrace]
#0 {main}
"} 
[2023-08-28 08:29:26] local.ERROR: Trait "Chatify\Traits\UUID" not found {"exception":"[object] (Symfony\\Component\\ErrorHandler\\Error\\FatalError(code: 0): Trait \"Chatify\\Traits\\UUID\" not found at E:\\Theallsif-astro\\app\\Models\\ChFavorite.php:8)
[stacktrace]
#0 {main}
"} 
[2023-08-28 08:30:26] local.ERROR: Trait "Chatify\Traits\UUID" not found {"exception":"[object] (Symfony\\Component\\ErrorHandler\\Error\\FatalError(code: 0): Trait \"Chatify\\Traits\\UUID\" not found at E:\\Theallsif-astro\\app\\Models\\ChFavorite.php:8)
[stacktrace]
#0 {main}
"} 
[2023-08-28 08:31:26] local.ERROR: Trait "Chatify\Traits\UUID" not found {"exception":"[object] (Symfony\\Component\\ErrorHandler\\Error\\FatalError(code: 0): Trait \"Chatify\\Traits\\UUID\" not found at E:\\Theallsif-astro\\app\\Models\\ChFavorite.php:8)
[stacktrace]
#0 {main}
"} 
[2023-08-28 08:32:26] local.ERROR: Trait "Chatify\Traits\UUID" not found {"exception":"[object] (Symfony\\Component\\ErrorHandler\\Error\\FatalError(code: 0): Trait \"Chatify\\Traits\\UUID\" not found at E:\\Theallsif-astro\\app\\Models\\ChFavorite.php:8)
[stacktrace]
#0 {main}
"} 
[2023-08-28 08:33:26] local.ERROR: Trait "Chatify\Traits\UUID" not found {"exception":"[object] (Symfony\\Component\\ErrorHandler\\Error\\FatalError(code: 0): Trait \"Chatify\\Traits\\UUID\" not found at E:\\Theallsif-astro\\app\\Models\\ChFavorite.php:8)
[stacktrace]
#0 {main}
"} 
[2023-08-28 08:34:26] local.ERROR: Trait "Chatify\Traits\UUID" not found {"exception":"[object] (Symfony\\Component\\ErrorHandler\\Error\\FatalError(code: 0): Trait \"Chatify\\Traits\\UUID\" not found at E:\\Theallsif-astro\\app\\Models\\ChFavorite.php:8)
[stacktrace]
#0 {main}
"} 
[2023-08-28 08:35:26] local.ERROR: Trait "Chatify\Traits\UUID" not found {"exception":"[object] (Symfony\\Component\\ErrorHandler\\Error\\FatalError(code: 0): Trait \"Chatify\\Traits\\UUID\" not found at E:\\Theallsif-astro\\app\\Models\\ChFavorite.php:8)
[stacktrace]
#0 {main}
"} 
[2023-08-28 08:36:27] local.ERROR: Trait "Chatify\Traits\UUID" not found {"exception":"[object] (Symfony\\Component\\ErrorHandler\\Error\\FatalError(code: 0): Trait \"Chatify\\Traits\\UUID\" not found at E:\\Theallsif-astro\\app\\Models\\ChFavorite.php:8)
[stacktrace]
#0 {main}
"} 
[2023-08-28 08:37:26] local.ERROR: Trait "Chatify\Traits\UUID" not found {"exception":"[object] (Symfony\\Component\\ErrorHandler\\Error\\FatalError(code: 0): Trait \"Chatify\\Traits\\UUID\" not found at E:\\Theallsif-astro\\app\\Models\\ChFavorite.php:8)
[stacktrace]
#0 {main}
"} 
[2023-08-28 08:38:26] local.ERROR: Trait "Chatify\Traits\UUID" not found {"exception":"[object] (Symfony\\Component\\ErrorHandler\\Error\\FatalError(code: 0): Trait \"Chatify\\Traits\\UUID\" not found at E:\\Theallsif-astro\\app\\Models\\ChFavorite.php:8)
[stacktrace]
#0 {main}
"} 
[2023-08-28 08:39:26] local.ERROR: Trait "Chatify\Traits\UUID" not found {"exception":"[object] (Symfony\\Component\\ErrorHandler\\Error\\FatalError(code: 0): Trait \"Chatify\\Traits\\UUID\" not found at E:\\Theallsif-astro\\app\\Models\\ChFavorite.php:8)
[stacktrace]
#0 {main}
"} 
[2023-08-28 08:40:26] local.ERROR: Trait "Chatify\Traits\UUID" not found {"exception":"[object] (Symfony\\Component\\ErrorHandler\\Error\\FatalError(code: 0): Trait \"Chatify\\Traits\\UUID\" not found at E:\\Theallsif-astro\\app\\Models\\ChFavorite.php:8)
[stacktrace]
#0 {main}
"} 
[2023-08-28 08:41:26] local.ERROR: Trait "Chatify\Traits\UUID" not found {"exception":"[object] (Symfony\\Component\\ErrorHandler\\Error\\FatalError(code: 0): Trait \"Chatify\\Traits\\UUID\" not found at E:\\Theallsif-astro\\app\\Models\\ChFavorite.php:8)
[stacktrace]
#0 {main}
"} 
[2023-08-28 08:42:26] local.ERROR: Trait "Chatify\Traits\UUID" not found {"exception":"[object] (Symfony\\Component\\ErrorHandler\\Error\\FatalError(code: 0): Trait \"Chatify\\Traits\\UUID\" not found at E:\\Theallsif-astro\\app\\Models\\ChFavorite.php:8)
[stacktrace]
#0 {main}
"} 
[2023-08-28 08:43:26] local.ERROR: Trait "Chatify\Traits\UUID" not found {"exception":"[object] (Symfony\\Component\\ErrorHandler\\Error\\FatalError(code: 0): Trait \"Chatify\\Traits\\UUID\" not found at E:\\Theallsif-astro\\app\\Models\\ChFavorite.php:8)
[stacktrace]
#0 {main}
"} 
[2023-08-28 08:44:26] local.ERROR: Trait "Chatify\Traits\UUID" not found {"exception":"[object] (Symfony\\Component\\ErrorHandler\\Error\\FatalError(code: 0): Trait \"Chatify\\Traits\\UUID\" not found at E:\\Theallsif-astro\\app\\Models\\ChFavorite.php:8)
[stacktrace]
#0 {main}
"} 
[2023-08-28 08:45:26] local.ERROR: Trait "Chatify\Traits\UUID" not found {"exception":"[object] (Symfony\\Component\\ErrorHandler\\Error\\FatalError(code: 0): Trait \"Chatify\\Traits\\UUID\" not found at E:\\Theallsif-astro\\app\\Models\\ChFavorite.php:8)
[stacktrace]
#0 {main}
"} 
[2023-08-28 08:46:26] local.ERROR: Trait "Chatify\Traits\UUID" not found {"exception":"[object] (Symfony\\Component\\ErrorHandler\\Error\\FatalError(code: 0): Trait \"Chatify\\Traits\\UUID\" not found at E:\\Theallsif-astro\\app\\Models\\ChFavorite.php:8)
[stacktrace]
#0 {main}
"} 
[2023-08-28 08:47:26] local.ERROR: Trait "Chatify\Traits\UUID" not found {"exception":"[object] (Symfony\\Component\\ErrorHandler\\Error\\FatalError(code: 0): Trait \"Chatify\\Traits\\UUID\" not found at E:\\Theallsif-astro\\app\\Models\\ChFavorite.php:8)
[stacktrace]
#0 {main}
"} 
[2023-08-28 08:48:26] local.ERROR: Trait "Chatify\Traits\UUID" not found {"exception":"[object] (Symfony\\Component\\ErrorHandler\\Error\\FatalError(code: 0): Trait \"Chatify\\Traits\\UUID\" not found at E:\\Theallsif-astro\\app\\Models\\ChFavorite.php:8)
[stacktrace]
#0 {main}
"} 
[2023-08-28 08:49:55] local.ERROR: Trait "Chatify\Traits\UUID" not found {"exception":"[object] (Symfony\\Component\\ErrorHandler\\Error\\FatalError(code: 0): Trait \"Chatify\\Traits\\UUID\" not found at E:\\Theallsif-astro\\app\\Models\\ChFavorite.php:8)
[stacktrace]
#0 {main}
"} 
[2023-08-28 08:50:55] local.ERROR: Trait "Chatify\Traits\UUID" not found {"exception":"[object] (Symfony\\Component\\ErrorHandler\\Error\\FatalError(code: 0): Trait \"Chatify\\Traits\\UUID\" not found at E:\\Theallsif-astro\\app\\Models\\ChFavorite.php:8)
[stacktrace]
#0 {main}
"} 
[2023-08-28 08:51:55] local.ERROR: Trait "Chatify\Traits\UUID" not found {"exception":"[object] (Symfony\\Component\\ErrorHandler\\Error\\FatalError(code: 0): Trait \"Chatify\\Traits\\UUID\" not found at E:\\Theallsif-astro\\app\\Models\\ChFavorite.php:8)
[stacktrace]
#0 {main}
"} 
[2023-08-28 08:52:55] local.ERROR: Trait "Chatify\Traits\UUID" not found {"exception":"[object] (Symfony\\Component\\ErrorHandler\\Error\\FatalError(code: 0): Trait \"Chatify\\Traits\\UUID\" not found at E:\\Theallsif-astro\\app\\Models\\ChFavorite.php:8)
[stacktrace]
#0 {main}
"} 
[2023-08-28 08:53:55] local.ERROR: Trait "Chatify\Traits\UUID" not found {"exception":"[object] (Symfony\\Component\\ErrorHandler\\Error\\FatalError(code: 0): Trait \"Chatify\\Traits\\UUID\" not found at E:\\Theallsif-astro\\app\\Models\\ChFavorite.php:8)
[stacktrace]
#0 {main}
"} 
[2023-08-28 08:54:55] local.ERROR: Trait "Chatify\Traits\UUID" not found {"exception":"[object] (Symfony\\Component\\ErrorHandler\\Error\\FatalError(code: 0): Trait \"Chatify\\Traits\\UUID\" not found at E:\\Theallsif-astro\\app\\Models\\ChFavorite.php:8)
[stacktrace]
#0 {main}
"} 
[2023-08-28 08:55:55] local.ERROR: Trait "Chatify\Traits\UUID" not found {"exception":"[object] (Symfony\\Component\\ErrorHandler\\Error\\FatalError(code: 0): Trait \"Chatify\\Traits\\UUID\" not found at E:\\Theallsif-astro\\app\\Models\\ChFavorite.php:8)
[stacktrace]
#0 {main}
"} 
[2023-08-28 08:56:55] local.ERROR: Trait "Chatify\Traits\UUID" not found {"exception":"[object] (Symfony\\Component\\ErrorHandler\\Error\\FatalError(code: 0): Trait \"Chatify\\Traits\\UUID\" not found at E:\\Theallsif-astro\\app\\Models\\ChFavorite.php:8)
[stacktrace]
#0 {main}
"} 
[2023-08-28 08:57:55] local.ERROR: Trait "Chatify\Traits\UUID" not found {"exception":"[object] (Symfony\\Component\\ErrorHandler\\Error\\FatalError(code: 0): Trait \"Chatify\\Traits\\UUID\" not found at E:\\Theallsif-astro\\app\\Models\\ChFavorite.php:8)
[stacktrace]
#0 {main}
"} 
[2023-08-28 08:58:55] local.ERROR: Trait "Chatify\Traits\UUID" not found {"exception":"[object] (Symfony\\Component\\ErrorHandler\\Error\\FatalError(code: 0): Trait \"Chatify\\Traits\\UUID\" not found at E:\\Theallsif-astro\\app\\Models\\ChFavorite.php:8)
[stacktrace]
#0 {main}
"} 
[2023-08-28 08:59:55] local.ERROR: Trait "Chatify\Traits\UUID" not found {"exception":"[object] (Symfony\\Component\\ErrorHandler\\Error\\FatalError(code: 0): Trait \"Chatify\\Traits\\UUID\" not found at E:\\Theallsif-astro\\app\\Models\\ChFavorite.php:8)
[stacktrace]
#0 {main}
"} 
[2023-08-28 09:00:55] local.ERROR: Trait "Chatify\Traits\UUID" not found {"exception":"[object] (Symfony\\Component\\ErrorHandler\\Error\\FatalError(code: 0): Trait \"Chatify\\Traits\\UUID\" not found at E:\\Theallsif-astro\\app\\Models\\ChFavorite.php:8)
[stacktrace]
#0 {main}
"} 
[2023-08-28 09:01:55] local.ERROR: Trait "Chatify\Traits\UUID" not found {"exception":"[object] (Symfony\\Component\\ErrorHandler\\Error\\FatalError(code: 0): Trait \"Chatify\\Traits\\UUID\" not found at E:\\Theallsif-astro\\app\\Models\\ChFavorite.php:8)
[stacktrace]
#0 {main}
"} 
[2023-08-28 09:02:55] local.ERROR: Trait "Chatify\Traits\UUID" not found {"exception":"[object] (Symfony\\Component\\ErrorHandler\\Error\\FatalError(code: 0): Trait \"Chatify\\Traits\\UUID\" not found at E:\\Theallsif-astro\\app\\Models\\ChFavorite.php:8)
[stacktrace]
#0 {main}
"} 
[2023-08-28 09:03:55] local.ERROR: Trait "Chatify\Traits\UUID" not found {"exception":"[object] (Symfony\\Component\\ErrorHandler\\Error\\FatalError(code: 0): Trait \"Chatify\\Traits\\UUID\" not found at E:\\Theallsif-astro\\app\\Models\\ChFavorite.php:8)
[stacktrace]
#0 {main}
"} 
[2023-08-28 09:04:55] local.ERROR: Trait "Chatify\Traits\UUID" not found {"exception":"[object] (Symfony\\Component\\ErrorHandler\\Error\\FatalError(code: 0): Trait \"Chatify\\Traits\\UUID\" not found at E:\\Theallsif-astro\\app\\Models\\ChFavorite.php:8)
[stacktrace]
#0 {main}
"} 
[2023-08-28 09:05:55] local.ERROR: Trait "Chatify\Traits\UUID" not found {"exception":"[object] (Symfony\\Component\\ErrorHandler\\Error\\FatalError(code: 0): Trait \"Chatify\\Traits\\UUID\" not found at E:\\Theallsif-astro\\app\\Models\\ChFavorite.php:8)
[stacktrace]
#0 {main}
"} 
[2023-08-28 09:06:55] local.ERROR: Trait "Chatify\Traits\UUID" not found {"exception":"[object] (Symfony\\Component\\ErrorHandler\\Error\\FatalError(code: 0): Trait \"Chatify\\Traits\\UUID\" not found at E:\\Theallsif-astro\\app\\Models\\ChFavorite.php:8)
[stacktrace]
#0 {main}
"} 
[2023-08-28 09:07:55] local.ERROR: Trait "Chatify\Traits\UUID" not found {"exception":"[object] (Symfony\\Component\\ErrorHandler\\Error\\FatalError(code: 0): Trait \"Chatify\\Traits\\UUID\" not found at E:\\Theallsif-astro\\app\\Models\\ChFavorite.php:8)
[stacktrace]
#0 {main}
"} 
[2023-08-28 09:08:55] local.ERROR: Trait "Chatify\Traits\UUID" not found {"exception":"[object] (Symfony\\Component\\ErrorHandler\\Error\\FatalError(code: 0): Trait \"Chatify\\Traits\\UUID\" not found at E:\\Theallsif-astro\\app\\Models\\ChFavorite.php:8)
[stacktrace]
#0 {main}
"} 
[2023-08-28 09:09:55] local.ERROR: Trait "Chatify\Traits\UUID" not found {"exception":"[object] (Symfony\\Component\\ErrorHandler\\Error\\FatalError(code: 0): Trait \"Chatify\\Traits\\UUID\" not found at E:\\Theallsif-astro\\app\\Models\\ChFavorite.php:8)
[stacktrace]
#0 {main}
"} 
[2023-08-28 09:10:55] local.ERROR: Trait "Chatify\Traits\UUID" not found {"exception":"[object] (Symfony\\Component\\ErrorHandler\\Error\\FatalError(code: 0): Trait \"Chatify\\Traits\\UUID\" not found at E:\\Theallsif-astro\\app\\Models\\ChFavorite.php:8)
[stacktrace]
#0 {main}
"} 
[2023-08-28 09:11:55] local.ERROR: Trait "Chatify\Traits\UUID" not found {"exception":"[object] (Symfony\\Component\\ErrorHandler\\Error\\FatalError(code: 0): Trait \"Chatify\\Traits\\UUID\" not found at E:\\Theallsif-astro\\app\\Models\\ChFavorite.php:8)
[stacktrace]
#0 {main}
"} 
[2023-08-28 09:18:44] local.ERROR: Trait "Chatify\Traits\UUID" not found {"exception":"[object] (Symfony\\Component\\ErrorHandler\\Error\\FatalError(code: 0): Trait \"Chatify\\Traits\\UUID\" not found at E:\\Theallsif-astro\\app\\Models\\ChFavorite.php:8)
[stacktrace]
#0 {main}
"} 
[2023-08-28 09:19:41] local.ERROR: Trait "Chatify\Traits\UUID" not found {"exception":"[object] (Symfony\\Component\\ErrorHandler\\Error\\FatalError(code: 0): Trait \"Chatify\\Traits\\UUID\" not found at E:\\Theallsif-astro\\app\\Models\\ChFavorite.php:8)
[stacktrace]
#0 {main}
"} 
[2023-08-28 09:20:41] local.ERROR: Trait "Chatify\Traits\UUID" not found {"exception":"[object] (Symfony\\Component\\ErrorHandler\\Error\\FatalError(code: 0): Trait \"Chatify\\Traits\\UUID\" not found at E:\\Theallsif-astro\\app\\Models\\ChFavorite.php:8)
[stacktrace]
#0 {main}
"} 
[2023-08-28 09:21:41] local.ERROR: Trait "Chatify\Traits\UUID" not found {"exception":"[object] (Symfony\\Component\\ErrorHandler\\Error\\FatalError(code: 0): Trait \"Chatify\\Traits\\UUID\" not found at E:\\Theallsif-astro\\app\\Models\\ChFavorite.php:8)
[stacktrace]
#0 {main}
"} 
[2023-08-28 09:22:41] local.ERROR: Trait "Chatify\Traits\UUID" not found {"exception":"[object] (Symfony\\Component\\ErrorHandler\\Error\\FatalError(code: 0): Trait \"Chatify\\Traits\\UUID\" not found at E:\\Theallsif-astro\\app\\Models\\ChFavorite.php:8)
[stacktrace]
#0 {main}
"} 
[2023-08-28 10:47:42] local.ERROR: Trait "Chatify\Traits\UUID" not found {"exception":"[object] (Symfony\\Component\\ErrorHandler\\Error\\FatalError(code: 0): Trait \"Chatify\\Traits\\UUID\" not found at E:\\Theallsif-astro\\app\\Models\\ChFavorite.php:8)
[stacktrace]
#0 {main}
"} 
[2023-08-28 10:48:38] local.ERROR: Trait "Chatify\Traits\UUID" not found {"exception":"[object] (Symfony\\Component\\ErrorHandler\\Error\\FatalError(code: 0): Trait \"Chatify\\Traits\\UUID\" not found at E:\\Theallsif-astro\\app\\Models\\ChFavorite.php:8)
[stacktrace]
#0 {main}
"} 
[2023-08-28 10:49:38] local.ERROR: Trait "Chatify\Traits\UUID" not found {"exception":"[object] (Symfony\\Component\\ErrorHandler\\Error\\FatalError(code: 0): Trait \"Chatify\\Traits\\UUID\" not found at E:\\Theallsif-astro\\app\\Models\\ChFavorite.php:8)
[stacktrace]
#0 {main}
"} 
[2023-08-28 10:50:38] local.ERROR: Trait "Chatify\Traits\UUID" not found {"exception":"[object] (Symfony\\Component\\ErrorHandler\\Error\\FatalError(code: 0): Trait \"Chatify\\Traits\\UUID\" not found at E:\\Theallsif-astro\\app\\Models\\ChFavorite.php:8)
[stacktrace]
#0 {main}
"} 
[2023-08-28 10:51:38] local.ERROR: Trait "Chatify\Traits\UUID" not found {"exception":"[object] (Symfony\\Component\\ErrorHandler\\Error\\FatalError(code: 0): Trait \"Chatify\\Traits\\UUID\" not found at E:\\Theallsif-astro\\app\\Models\\ChFavorite.php:8)
[stacktrace]
#0 {main}
"} 
[2023-08-28 10:52:38] local.ERROR: Trait "Chatify\Traits\UUID" not found {"exception":"[object] (Symfony\\Component\\ErrorHandler\\Error\\FatalError(code: 0): Trait \"Chatify\\Traits\\UUID\" not found at E:\\Theallsif-astro\\app\\Models\\ChFavorite.php:8)
[stacktrace]
#0 {main}
"} 
[2023-08-28 10:53:38] local.ERROR: Trait "Chatify\Traits\UUID" not found {"exception":"[object] (Symfony\\Component\\ErrorHandler\\Error\\FatalError(code: 0): Trait \"Chatify\\Traits\\UUID\" not found at E:\\Theallsif-astro\\app\\Models\\ChFavorite.php:8)
[stacktrace]
#0 {main}
"} 
[2023-08-28 10:54:38] local.ERROR: Trait "Chatify\Traits\UUID" not found {"exception":"[object] (Symfony\\Component\\ErrorHandler\\Error\\FatalError(code: 0): Trait \"Chatify\\Traits\\UUID\" not found at E:\\Theallsif-astro\\app\\Models\\ChFavorite.php:8)
[stacktrace]
#0 {main}
"} 
[2023-08-28 10:55:38] local.ERROR: Trait "Chatify\Traits\UUID" not found {"exception":"[object] (Symfony\\Component\\ErrorHandler\\Error\\FatalError(code: 0): Trait \"Chatify\\Traits\\UUID\" not found at E:\\Theallsif-astro\\app\\Models\\ChFavorite.php:8)
[stacktrace]
#0 {main}
"} 
[2023-08-28 10:56:38] local.ERROR: Trait "Chatify\Traits\UUID" not found {"exception":"[object] (Symfony\\Component\\ErrorHandler\\Error\\FatalError(code: 0): Trait \"Chatify\\Traits\\UUID\" not found at E:\\Theallsif-astro\\app\\Models\\ChFavorite.php:8)
[stacktrace]
#0 {main}
"} 
[2023-08-28 10:57:38] local.ERROR: Trait "Chatify\Traits\UUID" not found {"exception":"[object] (Symfony\\Component\\ErrorHandler\\Error\\FatalError(code: 0): Trait \"Chatify\\Traits\\UUID\" not found at E:\\Theallsif-astro\\app\\Models\\ChFavorite.php:8)
[stacktrace]
#0 {main}
"} 
[2023-08-28 10:58:38] local.ERROR: Trait "Chatify\Traits\UUID" not found {"exception":"[object] (Symfony\\Component\\ErrorHandler\\Error\\FatalError(code: 0): Trait \"Chatify\\Traits\\UUID\" not found at E:\\Theallsif-astro\\app\\Models\\ChFavorite.php:8)
[stacktrace]
#0 {main}
"} 
[2023-08-28 10:59:38] local.ERROR: Trait "Chatify\Traits\UUID" not found {"exception":"[object] (Symfony\\Component\\ErrorHandler\\Error\\FatalError(code: 0): Trait \"Chatify\\Traits\\UUID\" not found at E:\\Theallsif-astro\\app\\Models\\ChFavorite.php:8)
[stacktrace]
#0 {main}
"} 
[2023-08-28 11:00:38] local.ERROR: Trait "Chatify\Traits\UUID" not found {"exception":"[object] (Symfony\\Component\\ErrorHandler\\Error\\FatalError(code: 0): Trait \"Chatify\\Traits\\UUID\" not found at E:\\Theallsif-astro\\app\\Models\\ChFavorite.php:8)
[stacktrace]
#0 {main}
"} 
[2023-08-28 11:01:38] local.ERROR: Trait "Chatify\Traits\UUID" not found {"exception":"[object] (Symfony\\Component\\ErrorHandler\\Error\\FatalError(code: 0): Trait \"Chatify\\Traits\\UUID\" not found at E:\\Theallsif-astro\\app\\Models\\ChFavorite.php:8)
[stacktrace]
#0 {main}
"} 
[2023-08-28 11:02:38] local.ERROR: Trait "Chatify\Traits\UUID" not found {"exception":"[object] (Symfony\\Component\\ErrorHandler\\Error\\FatalError(code: 0): Trait \"Chatify\\Traits\\UUID\" not found at E:\\Theallsif-astro\\app\\Models\\ChFavorite.php:8)
[stacktrace]
#0 {main}
"} 
[2023-08-28 11:03:38] local.ERROR: Trait "Chatify\Traits\UUID" not found {"exception":"[object] (Symfony\\Component\\ErrorHandler\\Error\\FatalError(code: 0): Trait \"Chatify\\Traits\\UUID\" not found at E:\\Theallsif-astro\\app\\Models\\ChFavorite.php:8)
[stacktrace]
#0 {main}
"} 
[2023-08-28 11:04:38] local.ERROR: Trait "Chatify\Traits\UUID" not found {"exception":"[object] (Symfony\\Component\\ErrorHandler\\Error\\FatalError(code: 0): Trait \"Chatify\\Traits\\UUID\" not found at E:\\Theallsif-astro\\app\\Models\\ChFavorite.php:8)
[stacktrace]
#0 {main}
"} 
[2023-08-28 11:17:13] local.ERROR: Trait "Chatify\Traits\UUID" not found {"exception":"[object] (Symfony\\Component\\ErrorHandler\\Error\\FatalError(code: 0): Trait \"Chatify\\Traits\\UUID\" not found at E:\\Theallsif-astro\\app\\Models\\ChFavorite.php:8)
[stacktrace]
#0 {main}
"} 
[2023-08-28 11:18:08] local.ERROR: Trait "Chatify\Traits\UUID" not found {"exception":"[object] (Symfony\\Component\\ErrorHandler\\Error\\FatalError(code: 0): Trait \"Chatify\\Traits\\UUID\" not found at E:\\Theallsif-astro\\app\\Models\\ChFavorite.php:8)
[stacktrace]
#0 {main}
"} 
[2023-08-28 11:19:08] local.ERROR: Trait "Chatify\Traits\UUID" not found {"exception":"[object] (Symfony\\Component\\ErrorHandler\\Error\\FatalError(code: 0): Trait \"Chatify\\Traits\\UUID\" not found at E:\\Theallsif-astro\\app\\Models\\ChFavorite.php:8)
[stacktrace]
#0 {main}
"} 
[2023-08-28 11:20:08] local.ERROR: Trait "Chatify\Traits\UUID" not found {"exception":"[object] (Symfony\\Component\\ErrorHandler\\Error\\FatalError(code: 0): Trait \"Chatify\\Traits\\UUID\" not found at E:\\Theallsif-astro\\app\\Models\\ChFavorite.php:8)
[stacktrace]
#0 {main}
"} 
[2023-08-28 11:21:08] local.ERROR: Trait "Chatify\Traits\UUID" not found {"exception":"[object] (Symfony\\Component\\ErrorHandler\\Error\\FatalError(code: 0): Trait \"Chatify\\Traits\\UUID\" not found at E:\\Theallsif-astro\\app\\Models\\ChFavorite.php:8)
[stacktrace]
#0 {main}
"} 
[2023-08-28 11:22:08] local.ERROR: Trait "Chatify\Traits\UUID" not found {"exception":"[object] (Symfony\\Component\\ErrorHandler\\Error\\FatalError(code: 0): Trait \"Chatify\\Traits\\UUID\" not found at E:\\Theallsif-astro\\app\\Models\\ChFavorite.php:8)
[stacktrace]
#0 {main}
"} 
[2023-08-28 11:23:08] local.ERROR: Trait "Chatify\Traits\UUID" not found {"exception":"[object] (Symfony\\Component\\ErrorHandler\\Error\\FatalError(code: 0): Trait \"Chatify\\Traits\\UUID\" not found at E:\\Theallsif-astro\\app\\Models\\ChFavorite.php:8)
[stacktrace]
#0 {main}
"} 
[2023-08-28 11:24:08] local.ERROR: Trait "Chatify\Traits\UUID" not found {"exception":"[object] (Symfony\\Component\\ErrorHandler\\Error\\FatalError(code: 0): Trait \"Chatify\\Traits\\UUID\" not found at E:\\Theallsif-astro\\app\\Models\\ChFavorite.php:8)
[stacktrace]
#0 {main}
"} 
[2023-08-28 11:25:08] local.ERROR: Trait "Chatify\Traits\UUID" not found {"exception":"[object] (Symfony\\Component\\ErrorHandler\\Error\\FatalError(code: 0): Trait \"Chatify\\Traits\\UUID\" not found at E:\\Theallsif-astro\\app\\Models\\ChFavorite.php:8)
[stacktrace]
#0 {main}
"} 
[2023-08-28 11:26:08] local.ERROR: Trait "Chatify\Traits\UUID" not found {"exception":"[object] (Symfony\\Component\\ErrorHandler\\Error\\FatalError(code: 0): Trait \"Chatify\\Traits\\UUID\" not found at E:\\Theallsif-astro\\app\\Models\\ChFavorite.php:8)
[stacktrace]
#0 {main}
"} 
[2023-08-28 11:27:08] local.ERROR: Trait "Chatify\Traits\UUID" not found {"exception":"[object] (Symfony\\Component\\ErrorHandler\\Error\\FatalError(code: 0): Trait \"Chatify\\Traits\\UUID\" not found at E:\\Theallsif-astro\\app\\Models\\ChFavorite.php:8)
[stacktrace]
#0 {main}
"} 
[2023-08-28 11:28:08] local.ERROR: Trait "Chatify\Traits\UUID" not found {"exception":"[object] (Symfony\\Component\\ErrorHandler\\Error\\FatalError(code: 0): Trait \"Chatify\\Traits\\UUID\" not found at E:\\Theallsif-astro\\app\\Models\\ChFavorite.php:8)
[stacktrace]
#0 {main}
"} 
[2023-08-28 11:29:08] local.ERROR: Trait "Chatify\Traits\UUID" not found {"exception":"[object] (Symfony\\Component\\ErrorHandler\\Error\\FatalError(code: 0): Trait \"Chatify\\Traits\\UUID\" not found at E:\\Theallsif-astro\\app\\Models\\ChFavorite.php:8)
[stacktrace]
#0 {main}
"} 
[2023-08-28 11:30:08] local.ERROR: Trait "Chatify\Traits\UUID" not found {"exception":"[object] (Symfony\\Component\\ErrorHandler\\Error\\FatalError(code: 0): Trait \"Chatify\\Traits\\UUID\" not found at E:\\Theallsif-astro\\app\\Models\\ChFavorite.php:8)
[stacktrace]
#0 {main}
"} 
[2023-08-28 11:31:08] local.ERROR: Trait "Chatify\Traits\UUID" not found {"exception":"[object] (Symfony\\Component\\ErrorHandler\\Error\\FatalError(code: 0): Trait \"Chatify\\Traits\\UUID\" not found at E:\\Theallsif-astro\\app\\Models\\ChFavorite.php:8)
[stacktrace]
#0 {main}
"} 
[2023-08-28 11:32:08] local.ERROR: Trait "Chatify\Traits\UUID" not found {"exception":"[object] (Symfony\\Component\\ErrorHandler\\Error\\FatalError(code: 0): Trait \"Chatify\\Traits\\UUID\" not found at E:\\Theallsif-astro\\app\\Models\\ChFavorite.php:8)
[stacktrace]
#0 {main}
"} 
[2023-08-28 11:33:08] local.ERROR: Trait "Chatify\Traits\UUID" not found {"exception":"[object] (Symfony\\Component\\ErrorHandler\\Error\\FatalError(code: 0): Trait \"Chatify\\Traits\\UUID\" not found at E:\\Theallsif-astro\\app\\Models\\ChFavorite.php:8)
[stacktrace]
#0 {main}
"} 
[2023-08-28 11:34:08] local.ERROR: Trait "Chatify\Traits\UUID" not found {"exception":"[object] (Symfony\\Component\\ErrorHandler\\Error\\FatalError(code: 0): Trait \"Chatify\\Traits\\UUID\" not found at E:\\Theallsif-astro\\app\\Models\\ChFavorite.php:8)
[stacktrace]
#0 {main}
"} 
[2023-08-28 11:35:08] local.ERROR: Trait "Chatify\Traits\UUID" not found {"exception":"[object] (Symfony\\Component\\ErrorHandler\\Error\\FatalError(code: 0): Trait \"Chatify\\Traits\\UUID\" not found at E:\\Theallsif-astro\\app\\Models\\ChFavorite.php:8)
[stacktrace]
#0 {main}
"} 
[2023-08-28 11:36:08] local.ERROR: Trait "Chatify\Traits\UUID" not found {"exception":"[object] (Symfony\\Component\\ErrorHandler\\Error\\FatalError(code: 0): Trait \"Chatify\\Traits\\UUID\" not found at E:\\Theallsif-astro\\app\\Models\\ChFavorite.php:8)
[stacktrace]
#0 {main}
"} 
[2023-08-28 11:37:08] local.ERROR: Trait "Chatify\Traits\UUID" not found {"exception":"[object] (Symfony\\Component\\ErrorHandler\\Error\\FatalError(code: 0): Trait \"Chatify\\Traits\\UUID\" not found at E:\\Theallsif-astro\\app\\Models\\ChFavorite.php:8)
[stacktrace]
#0 {main}
"} 
[2023-08-28 11:38:08] local.ERROR: Trait "Chatify\Traits\UUID" not found {"exception":"[object] (Symfony\\Component\\ErrorHandler\\Error\\FatalError(code: 0): Trait \"Chatify\\Traits\\UUID\" not found at E:\\Theallsif-astro\\app\\Models\\ChFavorite.php:8)
[stacktrace]
#0 {main}
"} 
[2023-08-28 11:39:08] local.ERROR: Trait "Chatify\Traits\UUID" not found {"exception":"[object] (Symfony\\Component\\ErrorHandler\\Error\\FatalError(code: 0): Trait \"Chatify\\Traits\\UUID\" not found at E:\\Theallsif-astro\\app\\Models\\ChFavorite.php:8)
[stacktrace]
#0 {main}
"} 
[2023-08-28 11:40:08] local.ERROR: Trait "Chatify\Traits\UUID" not found {"exception":"[object] (Symfony\\Component\\ErrorHandler\\Error\\FatalError(code: 0): Trait \"Chatify\\Traits\\UUID\" not found at E:\\Theallsif-astro\\app\\Models\\ChFavorite.php:8)
[stacktrace]
#0 {main}
"} 
[2023-08-28 11:41:08] local.ERROR: Trait "Chatify\Traits\UUID" not found {"exception":"[object] (Symfony\\Component\\ErrorHandler\\Error\\FatalError(code: 0): Trait \"Chatify\\Traits\\UUID\" not found at E:\\Theallsif-astro\\app\\Models\\ChFavorite.php:8)
[stacktrace]
#0 {main}
"} 
[2023-08-28 11:42:08] local.ERROR: Trait "Chatify\Traits\UUID" not found {"exception":"[object] (Symfony\\Component\\ErrorHandler\\Error\\FatalError(code: 0): Trait \"Chatify\\Traits\\UUID\" not found at E:\\Theallsif-astro\\app\\Models\\ChFavorite.php:8)
[stacktrace]
#0 {main}
"} 
[2023-08-28 11:43:08] local.ERROR: Trait "Chatify\Traits\UUID" not found {"exception":"[object] (Symfony\\Component\\ErrorHandler\\Error\\FatalError(code: 0): Trait \"Chatify\\Traits\\UUID\" not found at E:\\Theallsif-astro\\app\\Models\\ChFavorite.php:8)
[stacktrace]
#0 {main}
"} 
[2023-08-28 11:44:08] local.ERROR: Trait "Chatify\Traits\UUID" not found {"exception":"[object] (Symfony\\Component\\ErrorHandler\\Error\\FatalError(code: 0): Trait \"Chatify\\Traits\\UUID\" not found at E:\\Theallsif-astro\\app\\Models\\ChFavorite.php:8)
[stacktrace]
#0 {main}
"} 
[2023-08-28 11:45:08] local.ERROR: Trait "Chatify\Traits\UUID" not found {"exception":"[object] (Symfony\\Component\\ErrorHandler\\Error\\FatalError(code: 0): Trait \"Chatify\\Traits\\UUID\" not found at E:\\Theallsif-astro\\app\\Models\\ChFavorite.php:8)
[stacktrace]
#0 {main}
"} 
[2023-08-28 11:46:08] local.ERROR: Trait "Chatify\Traits\UUID" not found {"exception":"[object] (Symfony\\Component\\ErrorHandler\\Error\\FatalError(code: 0): Trait \"Chatify\\Traits\\UUID\" not found at E:\\Theallsif-astro\\app\\Models\\ChFavorite.php:8)
[stacktrace]
#0 {main}
"} 
[2023-08-28 11:47:08] local.ERROR: Trait "Chatify\Traits\UUID" not found {"exception":"[object] (Symfony\\Component\\ErrorHandler\\Error\\FatalError(code: 0): Trait \"Chatify\\Traits\\UUID\" not found at E:\\Theallsif-astro\\app\\Models\\ChFavorite.php:8)
[stacktrace]
#0 {main}
"} 
[2023-08-28 11:48:08] local.ERROR: Trait "Chatify\Traits\UUID" not found {"exception":"[object] (Symfony\\Component\\ErrorHandler\\Error\\FatalError(code: 0): Trait \"Chatify\\Traits\\UUID\" not found at E:\\Theallsif-astro\\app\\Models\\ChFavorite.php:8)
[stacktrace]
#0 {main}
"} 
[2023-08-28 11:49:09] local.ERROR: Trait "Chatify\Traits\UUID" not found {"exception":"[object] (Symfony\\Component\\ErrorHandler\\Error\\FatalError(code: 0): Trait \"Chatify\\Traits\\UUID\" not found at E:\\Theallsif-astro\\app\\Models\\ChFavorite.php:8)
[stacktrace]
#0 {main}
"} 
[2023-08-28 11:50:08] local.ERROR: Trait "Chatify\Traits\UUID" not found {"exception":"[object] (Symfony\\Component\\ErrorHandler\\Error\\FatalError(code: 0): Trait \"Chatify\\Traits\\UUID\" not found at E:\\Theallsif-astro\\app\\Models\\ChFavorite.php:8)
[stacktrace]
#0 {main}
"} 
[2023-08-28 11:51:08] local.ERROR: Trait "Chatify\Traits\UUID" not found {"exception":"[object] (Symfony\\Component\\ErrorHandler\\Error\\FatalError(code: 0): Trait \"Chatify\\Traits\\UUID\" not found at E:\\Theallsif-astro\\app\\Models\\ChFavorite.php:8)
[stacktrace]
#0 {main}
"} 
[2023-08-28 11:52:08] local.ERROR: Trait "Chatify\Traits\UUID" not found {"exception":"[object] (Symfony\\Component\\ErrorHandler\\Error\\FatalError(code: 0): Trait \"Chatify\\Traits\\UUID\" not found at E:\\Theallsif-astro\\app\\Models\\ChFavorite.php:8)
[stacktrace]
#0 {main}
"} 
[2023-08-28 11:53:08] local.ERROR: Trait "Chatify\Traits\UUID" not found {"exception":"[object] (Symfony\\Component\\ErrorHandler\\Error\\FatalError(code: 0): Trait \"Chatify\\Traits\\UUID\" not found at E:\\Theallsif-astro\\app\\Models\\ChFavorite.php:8)
[stacktrace]
#0 {main}
"} 
[2023-08-28 11:54:08] local.ERROR: Trait "Chatify\Traits\UUID" not found {"exception":"[object] (Symfony\\Component\\ErrorHandler\\Error\\FatalError(code: 0): Trait \"Chatify\\Traits\\UUID\" not found at E:\\Theallsif-astro\\app\\Models\\ChFavorite.php:8)
[stacktrace]
#0 {main}
"} 
[2023-08-28 11:55:08] local.ERROR: Trait "Chatify\Traits\UUID" not found {"exception":"[object] (Symfony\\Component\\ErrorHandler\\Error\\FatalError(code: 0): Trait \"Chatify\\Traits\\UUID\" not found at E:\\Theallsif-astro\\app\\Models\\ChFavorite.php:8)
[stacktrace]
#0 {main}
"} 
[2023-08-28 11:56:08] local.ERROR: Trait "Chatify\Traits\UUID" not found {"exception":"[object] (Symfony\\Component\\ErrorHandler\\Error\\FatalError(code: 0): Trait \"Chatify\\Traits\\UUID\" not found at E:\\Theallsif-astro\\app\\Models\\ChFavorite.php:8)
[stacktrace]
#0 {main}
"} 
[2023-08-28 11:57:08] local.ERROR: Trait "Chatify\Traits\UUID" not found {"exception":"[object] (Symfony\\Component\\ErrorHandler\\Error\\FatalError(code: 0): Trait \"Chatify\\Traits\\UUID\" not found at E:\\Theallsif-astro\\app\\Models\\ChFavorite.php:8)
[stacktrace]
#0 {main}
"} 
[2023-08-28 11:58:08] local.ERROR: Trait "Chatify\Traits\UUID" not found {"exception":"[object] (Symfony\\Component\\ErrorHandler\\Error\\FatalError(code: 0): Trait \"Chatify\\Traits\\UUID\" not found at E:\\Theallsif-astro\\app\\Models\\ChFavorite.php:8)
[stacktrace]
#0 {main}
"} 
[2023-08-28 11:59:08] local.ERROR: Trait "Chatify\Traits\UUID" not found {"exception":"[object] (Symfony\\Component\\ErrorHandler\\Error\\FatalError(code: 0): Trait \"Chatify\\Traits\\UUID\" not found at E:\\Theallsif-astro\\app\\Models\\ChFavorite.php:8)
[stacktrace]
#0 {main}
"} 
[2023-08-28 12:00:08] local.ERROR: Trait "Chatify\Traits\UUID" not found {"exception":"[object] (Symfony\\Component\\ErrorHandler\\Error\\FatalError(code: 0): Trait \"Chatify\\Traits\\UUID\" not found at E:\\Theallsif-astro\\app\\Models\\ChFavorite.php:8)
[stacktrace]
#0 {main}
"} 
[2023-08-28 12:01:08] local.ERROR: Trait "Chatify\Traits\UUID" not found {"exception":"[object] (Symfony\\Component\\ErrorHandler\\Error\\FatalError(code: 0): Trait \"Chatify\\Traits\\UUID\" not found at E:\\Theallsif-astro\\app\\Models\\ChFavorite.php:8)
[stacktrace]
#0 {main}
"} 
[2023-08-28 12:02:08] local.ERROR: Trait "Chatify\Traits\UUID" not found {"exception":"[object] (Symfony\\Component\\ErrorHandler\\Error\\FatalError(code: 0): Trait \"Chatify\\Traits\\UUID\" not found at E:\\Theallsif-astro\\app\\Models\\ChFavorite.php:8)
[stacktrace]
#0 {main}
"} 
[2023-08-28 12:03:08] local.ERROR: Trait "Chatify\Traits\UUID" not found {"exception":"[object] (Symfony\\Component\\ErrorHandler\\Error\\FatalError(code: 0): Trait \"Chatify\\Traits\\UUID\" not found at E:\\Theallsif-astro\\app\\Models\\ChFavorite.php:8)
[stacktrace]
#0 {main}
"} 
[2023-08-28 12:04:08] local.ERROR: Trait "Chatify\Traits\UUID" not found {"exception":"[object] (Symfony\\Component\\ErrorHandler\\Error\\FatalError(code: 0): Trait \"Chatify\\Traits\\UUID\" not found at E:\\Theallsif-astro\\app\\Models\\ChFavorite.php:8)
[stacktrace]
#0 {main}
"} 
[2023-08-28 12:08:20] local.ERROR: Trait "Chatify\Traits\UUID" not found {"exception":"[object] (Symfony\\Component\\ErrorHandler\\Error\\FatalError(code: 0): Trait \"Chatify\\Traits\\UUID\" not found at E:\\Theallsif-astro\\app\\Models\\ChFavorite.php:8)
[stacktrace]
#0 {main}
"} 
[2023-08-28 12:09:31] local.ERROR: Trait "Chatify\Traits\UUID" not found {"exception":"[object] (Symfony\\Component\\ErrorHandler\\Error\\FatalError(code: 0): Trait \"Chatify\\Traits\\UUID\" not found at E:\\Theallsif-astro\\app\\Models\\ChFavorite.php:8)
[stacktrace]
#0 {main}
"} 
[2023-08-28 12:10:17] local.ERROR: Trait "Chatify\Traits\UUID" not found {"exception":"[object] (Symfony\\Component\\ErrorHandler\\Error\\FatalError(code: 0): Trait \"Chatify\\Traits\\UUID\" not found at E:\\Theallsif-astro\\app\\Models\\ChFavorite.php:8)
[stacktrace]
#0 {main}
"} 
[2023-08-28 12:11:17] local.ERROR: Trait "Chatify\Traits\UUID" not found {"exception":"[object] (Symfony\\Component\\ErrorHandler\\Error\\FatalError(code: 0): Trait \"Chatify\\Traits\\UUID\" not found at E:\\Theallsif-astro\\app\\Models\\ChFavorite.php:8)
[stacktrace]
#0 {main}
"} 
[2023-08-28 12:12:17] local.ERROR: Trait "Chatify\Traits\UUID" not found {"exception":"[object] (Symfony\\Component\\ErrorHandler\\Error\\FatalError(code: 0): Trait \"Chatify\\Traits\\UUID\" not found at E:\\Theallsif-astro\\app\\Models\\ChFavorite.php:8)
[stacktrace]
#0 {main}
"} 
[2023-08-28 12:13:17] local.ERROR: Trait "Chatify\Traits\UUID" not found {"exception":"[object] (Symfony\\Component\\ErrorHandler\\Error\\FatalError(code: 0): Trait \"Chatify\\Traits\\UUID\" not found at E:\\Theallsif-astro\\app\\Models\\ChFavorite.php:8)
[stacktrace]
#0 {main}
"} 
[2023-08-28 12:14:17] local.ERROR: Trait "Chatify\Traits\UUID" not found {"exception":"[object] (Symfony\\Component\\ErrorHandler\\Error\\FatalError(code: 0): Trait \"Chatify\\Traits\\UUID\" not found at E:\\Theallsif-astro\\app\\Models\\ChFavorite.php:8)
[stacktrace]
#0 {main}
"} 
[2023-08-28 12:15:17] local.ERROR: Trait "Chatify\Traits\UUID" not found {"exception":"[object] (Symfony\\Component\\ErrorHandler\\Error\\FatalError(code: 0): Trait \"Chatify\\Traits\\UUID\" not found at E:\\Theallsif-astro\\app\\Models\\ChFavorite.php:8)
[stacktrace]
#0 {main}
"} 
[2023-08-28 12:16:17] local.ERROR: Trait "Chatify\Traits\UUID" not found {"exception":"[object] (Symfony\\Component\\ErrorHandler\\Error\\FatalError(code: 0): Trait \"Chatify\\Traits\\UUID\" not found at E:\\Theallsif-astro\\app\\Models\\ChFavorite.php:8)
[stacktrace]
#0 {main}
"} 
[2023-08-28 12:17:17] local.ERROR: Trait "Chatify\Traits\UUID" not found {"exception":"[object] (Symfony\\Component\\ErrorHandler\\Error\\FatalError(code: 0): Trait \"Chatify\\Traits\\UUID\" not found at E:\\Theallsif-astro\\app\\Models\\ChFavorite.php:8)
[stacktrace]
#0 {main}
"} 
[2023-08-28 12:18:17] local.ERROR: Trait "Chatify\Traits\UUID" not found {"exception":"[object] (Symfony\\Component\\ErrorHandler\\Error\\FatalError(code: 0): Trait \"Chatify\\Traits\\UUID\" not found at E:\\Theallsif-astro\\app\\Models\\ChFavorite.php:8)
[stacktrace]
#0 {main}
"} 
[2023-08-31 06:58:22] local.ERROR: Trait "Chatify\Traits\UUID" not found {"exception":"[object] (Symfony\\Component\\ErrorHandler\\Error\\FatalError(code: 0): Trait \"Chatify\\Traits\\UUID\" not found at E:\\Theallsif-astro\\app\\Models\\ChFavorite.php:8)
[stacktrace]
#0 {main}
"} 
[2023-08-31 06:58:34] local.ERROR: Trait "Chatify\Traits\UUID" not found {"exception":"[object] (Symfony\\Component\\ErrorHandler\\Error\\FatalError(code: 0): Trait \"Chatify\\Traits\\UUID\" not found at E:\\Theallsif-astro\\app\\Models\\ChFavorite.php:8)
[stacktrace]
#0 {main}
"} 
[2023-08-31 06:59:35] local.ERROR: Trait "Chatify\Traits\UUID" not found {"exception":"[object] (Symfony\\Component\\ErrorHandler\\Error\\FatalError(code: 0): Trait \"Chatify\\Traits\\UUID\" not found at E:\\Theallsif-astro\\app\\Models\\ChFavorite.php:8)
[stacktrace]
#0 {main}
"} 
[2023-08-31 07:03:30] local.ERROR: Trait "Chatify\Traits\UUID" not found {"exception":"[object] (Symfony\\Component\\ErrorHandler\\Error\\FatalError(code: 0): Trait \"Chatify\\Traits\\UUID\" not found at E:\\Theallsif-astro\\app\\Models\\ChFavorite.php:8)
[stacktrace]
#0 {main}
"} 
[2023-08-31 07:03:34] local.ERROR: Trait "Chatify\Traits\UUID" not found {"exception":"[object] (Symfony\\Component\\ErrorHandler\\Error\\FatalError(code: 0): Trait \"Chatify\\Traits\\UUID\" not found at E:\\Theallsif-astro\\app\\Models\\ChFavorite.php:8)
[stacktrace]
#0 {main}
"} 
[2023-08-31 07:04:29] local.ERROR: Trait "Chatify\Traits\UUID" not found {"exception":"[object] (Symfony\\Component\\ErrorHandler\\Error\\FatalError(code: 0): Trait \"Chatify\\Traits\\UUID\" not found at E:\\Theallsif-astro\\app\\Models\\ChFavorite.php:8)
[stacktrace]
#0 {main}
"} 
[2023-08-31 07:04:35] local.ERROR: Trait "Chatify\Traits\UUID" not found {"exception":"[object] (Symfony\\Component\\ErrorHandler\\Error\\FatalError(code: 0): Trait \"Chatify\\Traits\\UUID\" not found at E:\\Theallsif-astro\\app\\Models\\ChFavorite.php:8)
[stacktrace]
#0 {main}
"} 
[2023-08-31 07:05:34] local.ERROR: Trait "Chatify\Traits\UUID" not found {"exception":"[object] (Symfony\\Component\\ErrorHandler\\Error\\FatalError(code: 0): Trait \"Chatify\\Traits\\UUID\" not found at E:\\Theallsif-astro\\app\\Models\\ChFavorite.php:8)
[stacktrace]
#0 {main}
"} 
[2023-08-31 07:06:35] local.ERROR: Trait "Chatify\Traits\UUID" not found {"exception":"[object] (Symfony\\Component\\ErrorHandler\\Error\\FatalError(code: 0): Trait \"Chatify\\Traits\\UUID\" not found at E:\\Theallsif-astro\\app\\Models\\ChMessage.php:8)
[stacktrace]
#0 {main}
"} 
[2023-08-31 07:06:36] local.ERROR: Trait "Chatify\Traits\UUID" not found {"exception":"[object] (Symfony\\Component\\ErrorHandler\\Error\\FatalError(code: 0): Trait \"Chatify\\Traits\\UUID\" not found at E:\\Theallsif-astro\\app\\Models\\ChMessage.php:8)
[stacktrace]
#0 {main}
"} 
[2023-08-31 07:07:14] local.ERROR: Trait "Chatify\Traits\UUID" not found {"exception":"[object] (Symfony\\Component\\ErrorHandler\\Error\\FatalError(code: 0): Trait \"Chatify\\Traits\\UUID\" not found at E:\\Theallsif-astro\\app\\Models\\ChMessage.php:8)
[stacktrace]
#0 {main}
"} 
